  Circle_Detector.cpp
c:\libraries\opencv\build\include\opencv2\core\mat.hpp(2585): warning C4819: 该文件包含不能在当前代码页(936)中表示的字符。请将该文件保存为 Unicode 格式以防止数据丢失
c:\libraries\opencv\build\include\opencv2\core\persistence.hpp : warning C4819: 该文件包含不能在当前代码页(936)中表示的字符。请将该文件保存为 Unicode 格式以防止数据丢失
c:\libraries\opencv\build\include\opencv2\core\utility.hpp : warning C4819: 该文件包含不能在当前代码页(936)中表示的字符。请将该文件保存为 Unicode 格式以防止数据丢失
c:\libraries\opencv\build\include\opencv2\core\utility.hpp : warning C4819: 该文件包含不能在当前代码页(936)中表示的字符。请将该文件保存为 Unicode 格式以防止数据丢失
c:\libraries\opencv\build\include\opencv2\imgproc.hpp(591): warning C4819: 该文件包含不能在当前代码页(936)中表示的字符。请将该文件保存为 Unicode 格式以防止数据丢失
c:\program1\circle_detector\circle_detector\circle_detector.cpp(35): warning C4244: “=”: 从“double”转换到“_Tp”，可能丢失数据
          with
          [
              _Tp=float
          ]
c:\program1\circle_detector\circle_detector\circle_detector.cpp(36): warning C4244: “=”: 从“double”转换到“_Tp”，可能丢失数据
          with
          [
              _Tp=float
          ]
c:\program1\circle_detector\circle_detector\circle_detector.cpp(54): warning C4244: “=”: 从“double”转换到“_Tp”，可能丢失数据
          with
          [
              _Tp=float
          ]
c:\program1\circle_detector\circle_detector\circle_detector.cpp(55): warning C4244: “=”: 从“double”转换到“_Tp”，可能丢失数据
          with
          [
              _Tp=float
          ]
c:\program1\circle_detector\circle_detector\circle_detector.cpp(93): warning C4244: “初始化”: 从“double”转换到“int”，可能丢失数据
c:\program1\circle_detector\circle_detector\circle_detector.cpp(123): warning C4101: “label”: 未引用的局部变量
  正在生成代码
  1 of 315 functions ( 0.3%) were compiled, the rest were copied from previous compilation.
    0 functions were new in current compilation
    0 functions had inline decision re-evaluated but remain unchanged
  已完成代码的生成
  Circle_Detector.vcxproj -> C:\Program1\Circle_Detector\x64\Release\Circle_Detector.exe
